{
    "Role": {
        "Path": "/",
        "RoleName": "lambda-exemplo",
        "RoleId": "AROARG4ZR2SR6CQ3QVABQ",
        "Arn": "arn:aws:iam::083537024163:role/lambda-exemplo",
        "CreateDate": "2022-06-20T03:46:49+00:00",
        "AssumeRolePolicyDocument": {
            "Version": "2012-10-17",
            "Statement": [
                {
                    "Effect": "Allow",
                    "Principal": {
                        "Service": "lambda.amazonaws.com"
                    },
                    "Action": "sts:AssumeRole"
                }
            ]
        }
    }
}
